0 info it worked if it ends with ok
1 verbose cli [ 'C:\\Program Files\\nodejs\\node.exe',
1 verbose cli   'C:\\Program Files\\nodejs\\node_modules\\npm\\bin\\npm-cli.js',
1 verbose cli   'run',
1 verbose cli   'sass' ]
2 info using npm@3.10.10
3 info using node@v6.11.2
4 verbose run-script [ 'presass', 'sass', 'postsass' ]
5 info lifecycle thejuicestation@1.0.0~presass: thejuicestation@1.0.0
6 silly lifecycle thejuicestation@1.0.0~presass: no script for presass, continuing
7 info lifecycle thejuicestation@1.0.0~sass: thejuicestation@1.0.0
8 verbose lifecycle thejuicestation@1.0.0~sass: unsafe-perm in lifecycle true
9 verbose lifecycle thejuicestation@1.0.0~sass: PATH: C:\Program Files\nodejs\node_modules\npm\bin\node-gyp-bin;C:\users\steve\dev\thejuicestation\node_modules\.bin;C:\Users\Steve\bin;C:\Program Files\Git\mingw64\bin;C:\Program Files\Git\usr\local\bin;C:\Program Files\Git\usr\bin;C:\Program Files\Git\usr\bin;C:\Program Files\Git\mingw64\bin;C:\Program Files\Git\usr\bin;C:\Users\Steve\bin;C:\Python27;C:\Python27\Scripts;C:\ProgramData\Oracle\Java\javapath;C:\Program Files (x86)\Intel\iCLS Client;C:\Program Files\Intel\iCLS Client;C:\Windows\system32;C:\Windows;C:\Windows\System32\Wbem;C:\Windows\System32\WindowsPowerShell\v1.0;C:\Program Files (x86)\Intel\Intel(R) Management Engine Components\DAL;C:\Program Files\Intel\Intel(R) Management Engine Components\DAL;C:\Program Files (x86)\Intel\Intel(R) Management Engine Components\IPT;C:\Program Files\Intel\Intel(R) Management Engine Components\IPT;C:\Program Files (x86)\NVIDIA Corporation\PhysX\Common;C:\Program Files (x86)\Skype\Phone;C:\WINDOWS\system32;C:\WINDOWS;C:\WINDOWS\System32\Wbem;C:\WINDOWS\System32\WindowsPowerShell\v1.0;C:\Program Files (x86)\QuickTime\QTSystem;C:\Program Files\Git\cmd;C:\Program Files\nodejs;C:\Program Files\Microsoft SQL Server\Client SDK\ODBC\130\Tools\Binn;C:\Program Files (x86)\Microsoft SQL Server\140\Tools\Binn;C:\Program Files\Microsoft SQL Server\140\Tools\Binn;C:\Program Files\Microsoft SQL Server\140\DTS\Binn;C:\Program Files (x86)\Microsoft SQL Server\Client SDK\ODBC\130\Tools\Binn;C:\Program Files (x86)\Microsoft SQL Server\140\DTS\Binn;C:\Program Files (x86)\Microsoft SQL Server\140\Tools\Binn\ManagementStudio;C:\Users\Steve\AppData\Local\Microsoft\WindowsApps;C:\Users\Steve\AppData\Roaming\npm;C:\Program Files\Git\usr\bin\vendor_perl;C:\Program Files\Git\usr\bin\core_perl
10 verbose lifecycle thejuicestation@1.0.0~sass: CWD: C:\users\steve\dev\thejuicestation
11 silly lifecycle thejuicestation@1.0.0~sass: Args: [ '/d /s /c', 'node local_scripts/compileSass.js' ]
12 silly lifecycle thejuicestation@1.0.0~sass: Returned: code: 1  signal: null
13 info lifecycle thejuicestation@1.0.0~sass: Failed to exec sass script
14 verbose stack Error: thejuicestation@1.0.0 sass: `node local_scripts/compileSass.js`
14 verbose stack Exit status 1
14 verbose stack     at EventEmitter.<anonymous> (C:\Program Files\nodejs\node_modules\npm\lib\utils\lifecycle.js:255:16)
14 verbose stack     at emitTwo (events.js:106:13)
14 verbose stack     at EventEmitter.emit (events.js:191:7)
14 verbose stack     at ChildProcess.<anonymous> (C:\Program Files\nodejs\node_modules\npm\lib\utils\spawn.js:40:14)
14 verbose stack     at emitTwo (events.js:106:13)
14 verbose stack     at ChildProcess.emit (events.js:191:7)
14 verbose stack     at maybeClose (internal/child_process.js:891:16)
14 verbose stack     at Process.ChildProcess._handle.onexit (internal/child_process.js:226:5)
15 verbose pkgid thejuicestation@1.0.0
16 verbose cwd C:\users\steve\dev\thejuicestation
17 error Windows_NT 10.0.15063
18 error argv "C:\\Program Files\\nodejs\\node.exe" "C:\\Program Files\\nodejs\\node_modules\\npm\\bin\\npm-cli.js" "run" "sass"
19 error node v6.11.2
20 error npm  v3.10.10
21 error code ELIFECYCLE
22 error thejuicestation@1.0.0 sass: `node local_scripts/compileSass.js`
22 error Exit status 1
23 error Failed at the thejuicestation@1.0.0 sass script 'node local_scripts/compileSass.js'.
23 error Make sure you have the latest version of node.js and npm installed.
23 error If you do, this is most likely a problem with the thejuicestation package,
23 error not with npm itself.
23 error Tell the author that this fails on your system:
23 error     node local_scripts/compileSass.js
23 error You can get information on how to open an issue for this project with:
23 error     npm bugs thejuicestation
23 error Or if that isn't available, you can get their info via:
23 error     npm owner ls thejuicestation
23 error There is likely additional logging output above.
24 verbose exit [ 1, true ]
